2021/09/30 06:44:41 [notice] 1#1: using the "epoll" event method
2021/09/30 06:44:41 [notice] 1#1: nginx/1.21.3
2021/09/30 06:44:41 [notice] 1#1: built by gcc 8.3.0 (Debian 8.3.0-6) 
2021/09/30 06:44:41 [notice] 1#1: OS: Linux 4.4.0-208-generic
2021/09/30 06:44:41 [notice] 1#1: getrlimit(RLIMIT_NOFILE): 1024:1048576
2021/09/30 06:44:41 [notice] 1#1: start worker processes
2021/09/30 06:44:41 [notice] 1#1: start worker process 24
2021/09/30 06:44:41 [notice] 1#1: start worker process 25
2021/09/30 06:44:41 [notice] 1#1: start worker process 26
2021/09/30 06:44:41 [notice] 1#1: start worker process 27
2021/09/30 06:44:41 [notice] 1#1: start worker process 28
2021/09/30 06:44:41 [notice] 1#1: start worker process 29
2021/09/30 06:44:41 [notice] 1#1: start worker process 30
2021/09/30 06:44:41 [notice] 1#1: start worker process 31
2021/09/30 06:44:41 [notice] 1#1: start worker process 32
2021/09/30 06:44:41 [notice] 1#1: start worker process 33
2021/09/30 06:44:41 [notice] 1#1: start worker process 34
2021/09/30 06:44:41 [notice] 1#1: start worker process 35
2021/09/30 06:50:33 [emerg] 36#36: unknown log format "compression" in /etc/nginx/conf.d/cloudrity-demo.fago-labs.online.conf:5
2021/09/30 06:52:48 [notice] 42#42: signal process started
2021/09/30 06:52:48 [notice] 1#1: signal 1 (SIGHUP) received from 42, reconfiguring
2021/09/30 06:52:48 [notice] 1#1: reconfiguring
2021/09/30 06:52:48 [notice] 1#1: using the "epoll" event method
2021/09/30 06:52:48 [notice] 1#1: start worker processes
2021/09/30 06:52:48 [notice] 1#1: start worker process 47
2021/09/30 06:52:48 [notice] 1#1: start worker process 48
2021/09/30 06:52:48 [notice] 1#1: start worker process 49
2021/09/30 06:52:48 [notice] 1#1: start worker process 50
2021/09/30 06:52:48 [notice] 1#1: start worker process 51
2021/09/30 06:52:48 [notice] 1#1: start worker process 52
2021/09/30 06:52:48 [notice] 1#1: start worker process 53
2021/09/30 06:52:48 [notice] 1#1: start worker process 54
2021/09/30 06:52:48 [notice] 1#1: start worker process 55
2021/09/30 06:52:48 [notice] 1#1: start worker process 56
2021/09/30 06:52:48 [notice] 1#1: start worker process 57
2021/09/30 06:52:48 [notice] 1#1: start worker process 58
2021/09/30 06:52:49 [notice] 25#25: gracefully shutting down
2021/09/30 06:52:49 [notice] 24#24: gracefully shutting down
2021/09/30 06:52:49 [notice] 27#27: gracefully shutting down
2021/09/30 06:52:49 [notice] 35#35: gracefully shutting down
2021/09/30 06:52:49 [notice] 25#25: exiting
2021/09/30 06:52:49 [notice] 24#24: exiting
2021/09/30 06:52:49 [notice] 35#35: exiting
2021/09/30 06:52:49 [notice] 27#27: exiting
2021/09/30 06:52:49 [notice] 35#35: exit
2021/09/30 06:52:49 [notice] 25#25: exit
2021/09/30 06:52:49 [notice] 24#24: exit
2021/09/30 06:52:49 [notice] 27#27: exit
2021/09/30 06:52:49 [notice] 34#34: gracefully shutting down
2021/09/30 06:52:49 [notice] 26#26: gracefully shutting down
2021/09/30 06:52:49 [notice] 34#34: exiting
2021/09/30 06:52:49 [notice] 26#26: exiting
2021/09/30 06:52:49 [notice] 34#34: exit
2021/09/30 06:52:49 [notice] 26#26: exit
2021/09/30 06:52:49 [notice] 28#28: gracefully shutting down
2021/09/30 06:52:49 [notice] 28#28: exiting
2021/09/30 06:52:49 [notice] 28#28: exit
2021/09/30 06:52:49 [notice] 29#29: gracefully shutting down
2021/09/30 06:52:49 [notice] 29#29: exiting
2021/09/30 06:52:49 [notice] 29#29: exit
2021/09/30 06:52:49 [notice] 30#30: gracefully shutting down
2021/09/30 06:52:49 [notice] 30#30: exiting
2021/09/30 06:52:49 [notice] 30#30: exit
2021/09/30 06:52:49 [notice] 31#31: gracefully shutting down
2021/09/30 06:52:49 [notice] 31#31: exiting
2021/09/30 06:52:49 [notice] 31#31: exit
2021/09/30 06:52:49 [notice] 32#32: gracefully shutting down
2021/09/30 06:52:49 [notice] 32#32: exiting
2021/09/30 06:52:49 [notice] 32#32: exit
2021/09/30 06:52:49 [notice] 33#33: gracefully shutting down
2021/09/30 06:52:49 [notice] 33#33: exiting
2021/09/30 06:52:49 [notice] 33#33: exit
2021/09/30 06:52:49 [notice] 1#1: signal 17 (SIGCHLD) received from 34
2021/09/30 06:52:49 [notice] 1#1: worker process 34 exited with code 0
2021/09/30 06:52:49 [notice] 1#1: signal 29 (SIGIO) received
2021/09/30 06:52:49 [notice] 1#1: signal 17 (SIGCHLD) received from 35
2021/09/30 06:52:49 [notice] 1#1: worker process 35 exited with code 0
2021/09/30 06:52:49 [notice] 1#1: signal 29 (SIGIO) received
2021/09/30 06:52:49 [notice] 1#1: signal 17 (SIGCHLD) received from 33
2021/09/30 06:52:49 [notice] 1#1: worker process 33 exited with code 0
2021/09/30 06:52:49 [notice] 1#1: signal 29 (SIGIO) received
2021/09/30 06:52:49 [notice] 1#1: signal 17 (SIGCHLD) received from 32
2021/09/30 06:52:49 [notice] 1#1: worker process 32 exited with code 0
2021/09/30 06:52:49 [notice] 1#1: signal 29 (SIGIO) received
2021/09/30 06:52:49 [notice] 1#1: signal 17 (SIGCHLD) received from 31
2021/09/30 06:52:49 [notice] 1#1: worker process 31 exited with code 0
2021/09/30 06:52:49 [notice] 1#1: signal 29 (SIGIO) received
2021/09/30 06:52:49 [notice] 1#1: signal 17 (SIGCHLD) received from 29
2021/09/30 06:52:49 [notice] 1#1: worker process 29 exited with code 0
2021/09/30 06:52:49 [notice] 1#1: signal 29 (SIGIO) received
2021/09/30 06:52:49 [notice] 1#1: signal 17 (SIGCHLD) received from 30
2021/09/30 06:52:49 [notice] 1#1: worker process 30 exited with code 0
2021/09/30 06:52:49 [notice] 1#1: signal 29 (SIGIO) received
2021/09/30 06:52:49 [notice] 1#1: signal 17 (SIGCHLD) received from 26
2021/09/30 06:52:49 [notice] 1#1: worker process 26 exited with code 0
2021/09/30 06:52:49 [notice] 1#1: signal 29 (SIGIO) received
2021/09/30 06:52:49 [notice] 1#1: signal 17 (SIGCHLD) received from 28
2021/09/30 06:52:49 [notice] 1#1: worker process 28 exited with code 0
2021/09/30 06:52:49 [notice] 1#1: signal 29 (SIGIO) received
2021/09/30 06:52:49 [notice] 1#1: signal 17 (SIGCHLD) received from 27
2021/09/30 06:52:49 [notice] 1#1: worker process 27 exited with code 0
2021/09/30 06:52:49 [notice] 1#1: signal 29 (SIGIO) received
2021/09/30 06:52:49 [notice] 1#1: signal 17 (SIGCHLD) received from 24
2021/09/30 06:52:49 [notice] 1#1: worker process 24 exited with code 0
2021/09/30 06:52:49 [notice] 1#1: signal 29 (SIGIO) received
2021/09/30 06:52:49 [notice] 1#1: signal 17 (SIGCHLD) received from 25
2021/09/30 06:52:49 [notice] 1#1: worker process 25 exited with code 0
2021/09/30 06:52:49 [notice] 1#1: signal 29 (SIGIO) received
2021/09/30 07:06:52 [notice] 1#1: using the "epoll" event method
2021/09/30 07:06:52 [notice] 1#1: nginx/1.21.3
2021/09/30 07:06:52 [notice] 1#1: built by gcc 8.3.0 (Debian 8.3.0-6) 
2021/09/30 07:06:52 [notice] 1#1: OS: Linux 4.4.0-208-generic
2021/09/30 07:06:52 [notice] 1#1: getrlimit(RLIMIT_NOFILE): 1024:1048576
2021/09/30 07:06:52 [notice] 1#1: start worker processes
2021/09/30 07:06:52 [notice] 1#1: start worker process 22
2021/09/30 07:06:52 [notice] 1#1: start worker process 23
2021/09/30 07:06:52 [notice] 1#1: start worker process 24
2021/09/30 07:06:52 [notice] 1#1: start worker process 25
2021/09/30 07:06:52 [notice] 1#1: start worker process 26
2021/09/30 07:06:52 [notice] 1#1: start worker process 27
2021/09/30 07:06:52 [notice] 1#1: start worker process 28
2021/09/30 07:06:52 [notice] 1#1: start worker process 29
2021/09/30 07:06:52 [notice] 1#1: start worker process 30
2021/09/30 07:06:52 [notice] 1#1: start worker process 31
2021/09/30 07:06:52 [notice] 1#1: start worker process 32
2021/09/30 07:06:52 [notice] 1#1: start worker process 33
2021/09/30 07:17:14 [notice] 34#34: signal process started
2021/09/30 07:17:14 [notice] 1#1: signal 1 (SIGHUP) received from 34, reconfiguring
2021/09/30 07:17:14 [notice] 1#1: reconfiguring
2021/09/30 07:17:14 [notice] 1#1: using the "epoll" event method
2021/09/30 07:17:14 [notice] 1#1: start worker processes
2021/09/30 07:17:14 [notice] 1#1: start worker process 40
2021/09/30 07:17:14 [notice] 1#1: start worker process 41
2021/09/30 07:17:14 [notice] 1#1: start worker process 42
2021/09/30 07:17:14 [notice] 1#1: start worker process 43
2021/09/30 07:17:14 [notice] 1#1: start worker process 44
2021/09/30 07:17:14 [notice] 1#1: start worker process 45
2021/09/30 07:17:14 [notice] 1#1: start worker process 46
2021/09/30 07:17:14 [notice] 1#1: start worker process 47
2021/09/30 07:17:14 [notice] 1#1: start worker process 48
2021/09/30 07:17:14 [notice] 1#1: start worker process 49
2021/09/30 07:17:14 [notice] 1#1: start worker process 50
2021/09/30 07:17:14 [notice] 1#1: start worker process 51
2021/09/30 07:17:14 [notice] 23#23: gracefully shutting down
2021/09/30 07:17:14 [notice] 22#22: gracefully shutting down
2021/09/30 07:17:14 [notice] 31#31: gracefully shutting down
2021/09/30 07:17:14 [notice] 33#33: gracefully shutting down
2021/09/30 07:17:14 [notice] 22#22: exiting
2021/09/30 07:17:14 [notice] 23#23: exiting
2021/09/30 07:17:14 [notice] 31#31: exiting
2021/09/30 07:17:14 [notice] 33#33: exiting
2021/09/30 07:17:14 [notice] 22#22: exit
2021/09/30 07:17:14 [notice] 23#23: exit
2021/09/30 07:17:14 [notice] 31#31: exit
2021/09/30 07:17:14 [notice] 33#33: exit
2021/09/30 07:17:14 [notice] 24#24: gracefully shutting down
2021/09/30 07:17:14 [notice] 30#30: gracefully shutting down
2021/09/30 07:17:14 [notice] 24#24: exiting
2021/09/30 07:17:14 [notice] 32#32: gracefully shutting down
2021/09/30 07:17:14 [notice] 30#30: exiting
2021/09/30 07:17:14 [notice] 24#24: exit
2021/09/30 07:17:14 [notice] 32#32: exiting
2021/09/30 07:17:14 [notice] 30#30: exit
2021/09/30 07:17:14 [notice] 25#25: gracefully shutting down
2021/09/30 07:17:14 [notice] 25#25: exiting
2021/09/30 07:17:14 [notice] 29#29: gracefully shutting down
2021/09/30 07:17:14 [notice] 32#32: exit
2021/09/30 07:17:14 [notice] 29#29: exiting
2021/09/30 07:17:14 [notice] 25#25: exit
2021/09/30 07:17:14 [notice] 29#29: exit
2021/09/30 07:17:14 [notice] 27#27: gracefully shutting down
2021/09/30 07:17:14 [notice] 27#27: exiting
2021/09/30 07:17:14 [notice] 27#27: exit
2021/09/30 07:17:14 [notice] 26#26: gracefully shutting down
2021/09/30 07:17:14 [notice] 26#26: exiting
2021/09/30 07:17:14 [notice] 26#26: exit
2021/09/30 07:17:14 [notice] 28#28: gracefully shutting down
2021/09/30 07:17:14 [notice] 28#28: exiting
2021/09/30 07:17:14 [notice] 28#28: exit
2021/09/30 07:17:14 [notice] 1#1: signal 17 (SIGCHLD) received from 24
2021/09/30 07:17:14 [notice] 1#1: worker process 24 exited with code 0
2021/09/30 07:17:14 [notice] 1#1: signal 29 (SIGIO) received
2021/09/30 07:17:14 [notice] 1#1: signal 17 (SIGCHLD) received from 25
2021/09/30 07:17:14 [notice] 1#1: worker process 25 exited with code 0
2021/09/30 07:17:14 [notice] 1#1: signal 29 (SIGIO) received
2021/09/30 07:17:14 [notice] 1#1: signal 17 (SIGCHLD) received from 22
2021/09/30 07:17:14 [notice] 1#1: worker process 22 exited with code 0
2021/09/30 07:17:14 [notice] 1#1: signal 29 (SIGIO) received
2021/09/30 07:17:14 [notice] 1#1: signal 17 (SIGCHLD) received from 28
2021/09/30 07:17:14 [notice] 1#1: worker process 28 exited with code 0
2021/09/30 07:17:14 [notice] 1#1: signal 29 (SIGIO) received
2021/09/30 07:17:14 [notice] 1#1: signal 17 (SIGCHLD) received from 27
2021/09/30 07:17:14 [notice] 1#1: worker process 27 exited with code 0
2021/09/30 07:17:14 [notice] 1#1: worker process 26 exited with code 0
2021/09/30 07:17:14 [notice] 1#1: signal 29 (SIGIO) received
2021/09/30 07:17:14 [notice] 1#1: signal 17 (SIGCHLD) received from 26
2021/09/30 07:17:14 [notice] 1#1: signal 17 (SIGCHLD) received from 23
2021/09/30 07:17:14 [notice] 1#1: worker process 23 exited with code 0
2021/09/30 07:17:14 [notice] 1#1: signal 29 (SIGIO) received
2021/09/30 07:17:14 [notice] 1#1: signal 17 (SIGCHLD) received from 33
2021/09/30 07:17:14 [notice] 1#1: worker process 33 exited with code 0
2021/09/30 07:17:14 [notice] 1#1: worker process 29 exited with code 0
2021/09/30 07:17:14 [notice] 1#1: signal 29 (SIGIO) received
2021/09/30 07:17:14 [notice] 1#1: signal 17 (SIGCHLD) received from 29
2021/09/30 07:17:14 [notice] 1#1: worker process 30 exited with code 0
2021/09/30 07:17:14 [notice] 1#1: worker process 32 exited with code 0
2021/09/30 07:17:14 [notice] 1#1: worker process 31 exited with code 0
2021/09/30 07:17:14 [notice] 1#1: signal 29 (SIGIO) received
2021/09/30 07:17:14 [notice] 1#1: signal 17 (SIGCHLD) received from 31
2021/09/30 07:24:45 [notice] 52#52: signal process started
2021/09/30 07:24:46 [notice] 1#1: signal 1 (SIGHUP) received from 52, reconfiguring
2021/09/30 07:24:46 [notice] 1#1: reconfiguring
2021/09/30 07:24:46 [notice] 1#1: using the "epoll" event method
2021/09/30 07:24:46 [notice] 1#1: start worker processes
2021/09/30 07:24:46 [notice] 1#1: start worker process 57
2021/09/30 07:24:46 [notice] 1#1: start worker process 58
2021/09/30 07:24:46 [notice] 1#1: start worker process 59
2021/09/30 07:24:46 [notice] 1#1: start worker process 60
2021/09/30 07:24:46 [notice] 1#1: start worker process 61
2021/09/30 07:24:46 [notice] 1#1: start worker process 62
2021/09/30 07:24:46 [notice] 1#1: start worker process 63
2021/09/30 07:24:46 [notice] 1#1: start worker process 64
2021/09/30 07:24:46 [notice] 1#1: start worker process 65
2021/09/30 07:24:46 [notice] 1#1: start worker process 66
2021/09/30 07:24:46 [notice] 1#1: start worker process 67
2021/09/30 07:24:46 [notice] 1#1: start worker process 68
2021/09/30 07:24:46 [notice] 40#40: gracefully shutting down
2021/09/30 07:24:46 [notice] 45#45: gracefully shutting down
2021/09/30 07:24:46 [notice] 48#48: gracefully shutting down
2021/09/30 07:24:46 [notice] 47#47: gracefully shutting down
2021/09/30 07:24:46 [notice] 51#51: gracefully shutting down
2021/09/30 07:24:46 [notice] 45#45: exiting
2021/09/30 07:24:46 [notice] 40#40: exiting
2021/09/30 07:24:46 [notice] 48#48: exiting
2021/09/30 07:24:46 [notice] 47#47: exiting
2021/09/30 07:24:46 [notice] 51#51: exiting
2021/09/30 07:24:46 [notice] 40#40: exit
2021/09/30 07:24:46 [notice] 45#45: exit
2021/09/30 07:24:46 [notice] 48#48: exit
2021/09/30 07:24:46 [notice] 41#41: gracefully shutting down
2021/09/30 07:24:46 [notice] 47#47: exit
2021/09/30 07:24:46 [notice] 51#51: exit
2021/09/30 07:24:46 [notice] 41#41: exiting
2021/09/30 07:24:46 [notice] 41#41: exit
2021/09/30 07:24:46 [notice] 50#50: gracefully shutting down
2021/09/30 07:24:46 [notice] 42#42: gracefully shutting down
2021/09/30 07:24:46 [notice] 42#42: exiting
2021/09/30 07:24:46 [notice] 50#50: exiting
2021/09/30 07:24:46 [notice] 42#42: exit
2021/09/30 07:24:46 [notice] 43#43: gracefully shutting down
2021/09/30 07:24:46 [notice] 50#50: exit
2021/09/30 07:24:46 [notice] 43#43: exiting
2021/09/30 07:24:46 [notice] 43#43: exit
2021/09/30 07:24:46 [notice] 49#49: gracefully shutting down
2021/09/30 07:24:46 [notice] 44#44: gracefully shutting down
2021/09/30 07:24:46 [notice] 44#44: exiting
2021/09/30 07:24:46 [notice] 49#49: exiting
2021/09/30 07:24:46 [notice] 44#44: exit
2021/09/30 07:24:46 [notice] 49#49: exit
2021/09/30 07:24:46 [notice] 46#46: gracefully shutting down
2021/09/30 07:24:46 [notice] 46#46: exiting
2021/09/30 07:24:46 [notice] 46#46: exit
2021/09/30 07:24:46 [notice] 1#1: signal 17 (SIGCHLD) received from 43
2021/09/30 07:24:46 [notice] 1#1: worker process 43 exited with code 0
2021/09/30 07:24:46 [notice] 1#1: worker process 45 exited with code 0
2021/09/30 07:24:46 [notice] 1#1: signal 29 (SIGIO) received
2021/09/30 07:24:46 [notice] 1#1: signal 17 (SIGCHLD) received from 45
2021/09/30 07:24:46 [notice] 1#1: worker process 42 exited with code 0
2021/09/30 07:24:46 [notice] 1#1: signal 29 (SIGIO) received
2021/09/30 07:24:46 [notice] 1#1: signal 17 (SIGCHLD) received from 41
2021/09/30 07:24:46 [notice] 1#1: worker process 41 exited with code 0
2021/09/30 07:24:46 [notice] 1#1: signal 29 (SIGIO) received
2021/09/30 07:24:46 [notice] 1#1: signal 17 (SIGCHLD) received from 40
2021/09/30 07:24:46 [notice] 1#1: worker process 40 exited with code 0
2021/09/30 07:24:46 [notice] 1#1: signal 29 (SIGIO) received
2021/09/30 07:24:46 [notice] 1#1: signal 17 (SIGCHLD) received from 44
2021/09/30 07:24:46 [notice] 1#1: worker process 44 exited with code 0
2021/09/30 07:24:46 [notice] 1#1: signal 29 (SIGIO) received
2021/09/30 07:24:46 [notice] 1#1: signal 17 (SIGCHLD) received from 48
2021/09/30 07:24:46 [notice] 1#1: worker process 48 exited with code 0
2021/09/30 07:24:46 [notice] 1#1: signal 29 (SIGIO) received
2021/09/30 07:24:46 [notice] 1#1: signal 17 (SIGCHLD) received from 47
2021/09/30 07:24:46 [notice] 1#1: worker process 47 exited with code 0
2021/09/30 07:24:46 [notice] 1#1: worker process 46 exited with code 0
2021/09/30 07:24:46 [notice] 1#1: signal 29 (SIGIO) received
2021/09/30 07:24:46 [notice] 1#1: signal 17 (SIGCHLD) received from 46
2021/09/30 07:24:46 [notice] 1#1: signal 17 (SIGCHLD) received from 50
2021/09/30 07:24:46 [notice] 1#1: worker process 50 exited with code 0
2021/09/30 07:24:46 [notice] 1#1: signal 29 (SIGIO) received
2021/09/30 07:24:46 [notice] 1#1: signal 17 (SIGCHLD) received from 49
2021/09/30 07:24:46 [notice] 1#1: worker process 49 exited with code 0
2021/09/30 07:24:46 [notice] 1#1: signal 29 (SIGIO) received
2021/09/30 07:24:46 [notice] 1#1: signal 17 (SIGCHLD) received from 51
2021/09/30 07:24:46 [notice] 1#1: worker process 51 exited with code 0
2021/09/30 07:24:46 [notice] 1#1: signal 29 (SIGIO) received
2021/09/30 07:40:50 [notice] 69#69: signal process started
2021/09/30 07:40:50 [notice] 1#1: signal 1 (SIGHUP) received from 69, reconfiguring
2021/09/30 07:40:50 [notice] 1#1: reconfiguring
2021/09/30 07:40:50 [notice] 1#1: using the "epoll" event method
2021/09/30 07:40:50 [notice] 1#1: start worker processes
2021/09/30 07:40:50 [notice] 1#1: start worker process 74
2021/09/30 07:40:50 [notice] 1#1: start worker process 75
2021/09/30 07:40:50 [notice] 1#1: start worker process 76
2021/09/30 07:40:50 [notice] 1#1: start worker process 77
2021/09/30 07:40:50 [notice] 1#1: start worker process 78
2021/09/30 07:40:50 [notice] 1#1: start worker process 79
2021/09/30 07:40:50 [notice] 1#1: start worker process 80
2021/09/30 07:40:50 [notice] 1#1: start worker process 81
2021/09/30 07:40:50 [notice] 1#1: start worker process 82
2021/09/30 07:40:50 [notice] 1#1: start worker process 83
2021/09/30 07:40:50 [notice] 1#1: start worker process 84
2021/09/30 07:40:50 [notice] 1#1: start worker process 85
2021/09/30 07:40:51 [notice] 59#59: gracefully shutting down
2021/09/30 07:40:51 [notice] 62#62: gracefully shutting down
2021/09/30 07:40:51 [notice] 60#60: gracefully shutting down
2021/09/30 07:40:51 [notice] 61#61: gracefully shutting down
2021/09/30 07:40:51 [notice] 64#64: gracefully shutting down
2021/09/30 07:40:51 [notice] 63#63: gracefully shutting down
2021/09/30 07:40:51 [notice] 59#59: exiting
2021/09/30 07:40:51 [notice] 62#62: exiting
2021/09/30 07:40:51 [notice] 64#64: exiting
2021/09/30 07:40:51 [notice] 60#60: exiting
2021/09/30 07:40:51 [notice] 61#61: exiting
2021/09/30 07:40:51 [notice] 63#63: exiting
2021/09/30 07:40:51 [notice] 59#59: exit
2021/09/30 07:40:51 [notice] 66#66: gracefully shutting down
2021/09/30 07:40:51 [notice] 64#64: exit
2021/09/30 07:40:51 [notice] 60#60: exit
2021/09/30 07:40:51 [notice] 66#66: exiting
2021/09/30 07:40:51 [notice] 61#61: exit
2021/09/30 07:40:51 [notice] 58#58: gracefully shutting down
2021/09/30 07:40:51 [notice] 63#63: exit
2021/09/30 07:40:51 [notice] 58#58: exiting
2021/09/30 07:40:51 [notice] 66#66: exit
2021/09/30 07:40:51 [notice] 68#68: gracefully shutting down
2021/09/30 07:40:51 [notice] 58#58: exit
2021/09/30 07:40:51 [notice] 65#65: gracefully shutting down
2021/09/30 07:40:51 [notice] 62#62: exit
2021/09/30 07:40:51 [notice] 68#68: exiting
2021/09/30 07:40:51 [notice] 67#67: gracefully shutting down
2021/09/30 07:40:51 [notice] 57#57: gracefully shutting down
2021/09/30 07:40:51 [notice] 65#65: exiting
2021/09/30 07:40:51 [notice] 57#57: exiting
2021/09/30 07:40:51 [notice] 67#67: exiting
2021/09/30 07:40:51 [notice] 57#57: exit
2021/09/30 07:40:51 [notice] 68#68: exit
2021/09/30 07:40:51 [notice] 65#65: exit
2021/09/30 07:40:51 [notice] 67#67: exit
2021/09/30 07:40:51 [notice] 1#1: signal 17 (SIGCHLD) received from 63
2021/09/30 07:40:51 [notice] 1#1: worker process 63 exited with code 0
2021/09/30 07:40:51 [notice] 1#1: signal 29 (SIGIO) received
2021/09/30 07:40:51 [notice] 1#1: signal 17 (SIGCHLD) received from 67
2021/09/30 07:40:51 [notice] 1#1: worker process 67 exited with code 0
2021/09/30 07:40:51 [notice] 1#1: signal 29 (SIGIO) received
2021/09/30 07:40:51 [notice] 1#1: signal 17 (SIGCHLD) received from 65
2021/09/30 07:40:51 [notice] 1#1: worker process 65 exited with code 0
2021/09/30 07:40:51 [notice] 1#1: signal 29 (SIGIO) received
2021/09/30 07:40:51 [notice] 1#1: signal 17 (SIGCHLD) received from 61
2021/09/30 07:40:51 [notice] 1#1: worker process 61 exited with code 0
2021/09/30 07:40:51 [notice] 1#1: signal 29 (SIGIO) received
2021/09/30 07:40:51 [notice] 1#1: signal 17 (SIGCHLD) received from 64
2021/09/30 07:40:51 [notice] 1#1: worker process 64 exited with code 0
2021/09/30 07:40:51 [notice] 1#1: signal 29 (SIGIO) received
2021/09/30 07:40:51 [notice] 1#1: signal 17 (SIGCHLD) received from 60
2021/09/30 07:40:51 [notice] 1#1: worker process 60 exited with code 0
2021/09/30 07:40:51 [notice] 1#1: worker process 58 exited with code 0
2021/09/30 07:40:51 [notice] 1#1: signal 29 (SIGIO) received
2021/09/30 07:40:51 [notice] 1#1: signal 17 (SIGCHLD) received from 58
2021/09/30 07:40:51 [notice] 1#1: worker process 68 exited with code 0
2021/09/30 07:40:51 [notice] 1#1: signal 29 (SIGIO) received
2021/09/30 07:40:51 [notice] 1#1: signal 17 (SIGCHLD) received from 57
2021/09/30 07:40:51 [notice] 1#1: worker process 57 exited with code 0
2021/09/30 07:40:51 [notice] 1#1: signal 29 (SIGIO) received
2021/09/30 07:40:51 [notice] 1#1: signal 17 (SIGCHLD) received from 59
2021/09/30 07:40:51 [notice] 1#1: worker process 59 exited with code 0
2021/09/30 07:40:51 [notice] 1#1: signal 29 (SIGIO) received
2021/09/30 07:40:51 [notice] 1#1: signal 17 (SIGCHLD) received from 62
2021/09/30 07:40:51 [notice] 1#1: worker process 62 exited with code 0
2021/09/30 07:40:51 [notice] 1#1: signal 29 (SIGIO) received
2021/09/30 07:40:51 [notice] 1#1: signal 17 (SIGCHLD) received from 66
2021/09/30 07:40:51 [notice] 1#1: worker process 66 exited with code 0
2021/09/30 07:40:51 [notice] 1#1: signal 29 (SIGIO) received
2021/09/30 07:58:28 [emerg] 86#86: cannot load certificate "/etc/letsencrypt/live/nodejs.fago-labs.onliine/fullchain.pem": BIO_new_file() failed (SSL: error:02001002:system library:fopen:No such file or directory:fopen('/etc/letsencrypt/live/nodejs.fago-labs.onliine/fullchain.pem','r') error:2006D080:BIO routines:BIO_new_file:no such file)
2021/09/30 07:59:52 [notice] 91#91: signal process started
2021/09/30 07:59:52 [notice] 1#1: signal 1 (SIGHUP) received from 91, reconfiguring
2021/09/30 07:59:52 [notice] 1#1: reconfiguring
2021/09/30 07:59:52 [notice] 1#1: using the "epoll" event method
2021/09/30 07:59:52 [notice] 1#1: start worker processes
2021/09/30 07:59:52 [notice] 1#1: start worker process 96
2021/09/30 07:59:52 [notice] 1#1: start worker process 97
2021/09/30 07:59:52 [notice] 1#1: start worker process 98
2021/09/30 07:59:52 [notice] 1#1: start worker process 99
2021/09/30 07:59:52 [notice] 1#1: start worker process 100
2021/09/30 07:59:52 [notice] 1#1: start worker process 101
2021/09/30 07:59:52 [notice] 1#1: start worker process 102
2021/09/30 07:59:52 [notice] 1#1: start worker process 103
2021/09/30 07:59:52 [notice] 1#1: start worker process 104
2021/09/30 07:59:52 [notice] 1#1: start worker process 105
2021/09/30 07:59:52 [notice] 1#1: start worker process 106
2021/09/30 07:59:52 [notice] 1#1: start worker process 107
2021/09/30 07:59:53 [notice] 75#75: gracefully shutting down
2021/09/30 07:59:53 [notice] 81#81: gracefully shutting down
2021/09/30 07:59:53 [notice] 83#83: gracefully shutting down
2021/09/30 07:59:53 [notice] 76#76: gracefully shutting down
2021/09/30 07:59:53 [notice] 75#75: exiting
2021/09/30 07:59:53 [notice] 81#81: exiting
2021/09/30 07:59:53 [notice] 83#83: exiting
2021/09/30 07:59:53 [notice] 76#76: exiting
2021/09/30 07:59:53 [notice] 83#83: exit
2021/09/30 07:59:53 [notice] 76#76: exit
2021/09/30 07:59:53 [notice] 75#75: exit
2021/09/30 07:59:53 [notice] 81#81: exit
2021/09/30 07:59:53 [notice] 84#84: gracefully shutting down
2021/09/30 07:59:53 [notice] 74#74: gracefully shutting down
2021/09/30 07:59:53 [notice] 78#78: gracefully shutting down
2021/09/30 07:59:53 [notice] 80#80: gracefully shutting down
2021/09/30 07:59:53 [notice] 84#84: exiting
2021/09/30 07:59:53 [notice] 74#74: exiting
2021/09/30 07:59:53 [notice] 84#84: exit
2021/09/30 07:59:53 [notice] 80#80: exiting
2021/09/30 07:59:53 [notice] 78#78: exiting
2021/09/30 07:59:53 [notice] 74#74: exit
2021/09/30 07:59:53 [notice] 80#80: exit
2021/09/30 07:59:53 [notice] 78#78: exit
2021/09/30 07:59:53 [notice] 77#77: gracefully shutting down
2021/09/30 07:59:53 [notice] 79#79: gracefully shutting down
2021/09/30 07:59:53 [notice] 82#82: gracefully shutting down
2021/09/30 07:59:53 [notice] 85#85: gracefully shutting down
2021/09/30 07:59:53 [notice] 77#77: exiting
2021/09/30 07:59:53 [notice] 79#79: exiting
2021/09/30 07:59:53 [notice] 82#82: exiting
2021/09/30 07:59:53 [notice] 85#85: exiting
2021/09/30 07:59:53 [notice] 85#85: exit
2021/09/30 07:59:53 [notice] 82#82: exit
2021/09/30 07:59:53 [notice] 79#79: exit
2021/09/30 07:59:53 [notice] 77#77: exit
2021/09/30 07:59:53 [notice] 1#1: signal 17 (SIGCHLD) received from 85
2021/09/30 07:59:53 [notice] 1#1: worker process 83 exited with code 0
2021/09/30 07:59:53 [notice] 1#1: worker process 85 exited with code 0
2021/09/30 07:59:53 [notice] 1#1: signal 29 (SIGIO) received
2021/09/30 07:59:53 [notice] 1#1: signal 17 (SIGCHLD) received from 83
2021/09/30 07:59:53 [notice] 1#1: worker process 75 exited with code 0
2021/09/30 07:59:53 [notice] 1#1: signal 29 (SIGIO) received
2021/09/30 07:59:53 [notice] 1#1: signal 17 (SIGCHLD) received from 74
2021/09/30 07:59:53 [notice] 1#1: worker process 74 exited with code 0
2021/09/30 07:59:53 [notice] 1#1: signal 29 (SIGIO) received
2021/09/30 07:59:53 [notice] 1#1: signal 17 (SIGCHLD) received from 80
2021/09/30 07:59:53 [notice] 1#1: worker process 76 exited with code 0
2021/09/30 07:59:53 [notice] 1#1: worker process 80 exited with code 0
2021/09/30 07:59:53 [notice] 1#1: signal 29 (SIGIO) received
2021/09/30 07:59:53 [notice] 1#1: signal 17 (SIGCHLD) received from 84
2021/09/30 07:59:53 [notice] 1#1: worker process 84 exited with code 0
2021/09/30 07:59:53 [notice] 1#1: signal 29 (SIGIO) received
2021/09/30 07:59:53 [notice] 1#1: signal 17 (SIGCHLD) received from 77
2021/09/30 07:59:53 [notice] 1#1: worker process 77 exited with code 0
2021/09/30 07:59:53 [notice] 1#1: worker process 79 exited with code 0
2021/09/30 07:59:53 [notice] 1#1: worker process 82 exited with code 0
2021/09/30 07:59:53 [notice] 1#1: signal 29 (SIGIO) received
2021/09/30 07:59:53 [notice] 1#1: signal 17 (SIGCHLD) received from 82
2021/09/30 07:59:53 [notice] 1#1: worker process 78 exited with code 0
2021/09/30 07:59:53 [notice] 1#1: worker process 81 exited with code 0
2021/09/30 07:59:53 [notice] 1#1: signal 29 (SIGIO) received
